# JRE version: Java(TM) SE Runtime Environment (8.0_102-b14) (build 1.8.0_102-b14)
# Java VM: Java HotSpot(TM) 64-Bit Server VM (25.102-b14 mixed mode windows-amd64 compressed oops)
Heap:
 PSYoungGen      total 18944K, used 7853K [0x00000000eb180000, 0x00000000ec680000, 0x0000000100000000)
  eden space 16384K, 32% used [0x00000000eb180000,0x00000000eb6af498,0x00000000ec180000)
  from space 2560K, 99% used [0x00000000ec400000,0x00000000ec67c1e8,0x00000000ec680000)
  to   space 2560K, 0% used [0x00000000ec180000,0x00000000ec180000,0x00000000ec400000)
 ParOldGen       total 44032K, used 4933K [0x00000000c1400000, 0x00000000c3f00000, 0x00000000eb180000)
  object space 44032K, 11% used [0x00000000c1400000,0x00000000c18d1538,0x00000000c3f00000)
 Metaspace       used 16206K, capacity 16458K, committed 16512K, reserved 1062912K
  class space    used 2073K, capacity 2155K, committed 2176K, reserved 1048576K
GC Heap History (4 events):
Event: 11.872 GC heap before
{Heap before GC invocations=1 (full 0):
 PSYoungGen      total 18944K, used 16384K [0x00000000eb180000, 0x00000000ec680000, 0x0000000100000000)
  eden space 16384K, 100% used [0x00000000eb180000,0x00000000ec180000,0x00000000ec180000)
  from space 2560K, 0% used [0x00000000ec400000,0x00000000ec400000,0x00000000ec680000)
  to   space 2560K, 0% used [0x00000000ec180000,0x00000000ec180000,0x00000000ec400000)
 ParOldGen       total 44032K, used 0K [0x00000000c1400000, 0x00000000c3f00000, 0x00000000eb180000)
  object space 44032K, 0% used [0x00000000c1400000,0x00000000c1400000,0x00000000c3f00000)
 Metaspace       used 13723K, capacity 13918K, committed 14208K, reserved 1060864K
  class space    used 1790K, capacity 1863K, committed 1920K, reserved 1048576K
Event: 11.883 GC heap after
Heap after GC invocations=1 (full 0):
 PSYoungGen      total 18944K, used 2553K [0x00000000eb180000, 0x00000000ec680000, 0x0000000100000000)
  eden space 16384K, 0% used [0x00000000eb180000,0x00000000eb180000,0x00000000ec180000)
  from space 2560K, 99% used [0x00000000ec180000,0x00000000ec3fe6e8,0x00000000ec400000)
  to   space 2560K, 0% used [0x00000000ec400000,0x00000000ec400000,0x00000000ec680000)
 ParOldGen       total 44032K, used 2471K [0x00000000c1400000, 0x00000000c3f00000, 0x00000000eb180000)
  object space 44032K, 5% used [0x00000000c1400000,0x00000000c1669dc0,0x00000000c3f00000)
 Metaspace       used 13723K, capacity 13918K, committed 14208K, reserved 1060864K
  class space    used 1790K, capacity 1863K, committed 1920K, reserved 1048576K
}
Event: 16.212 GC heap before
{Heap before GC invocations=2 (full 0):
 PSYoungGen      total 18944K, used 18363K [0x00000000eb180000, 0x00000000ec680000, 0x0000000100000000)
  eden space 16384K, 96% used [0x00000000eb180000,0x00000000ec0f0840,0x00000000ec180000)
  from space 2560K, 99% used [0x00000000ec180000,0x00000000ec3fe6e8,0x00000000ec400000)
  to   space 2560K, 0% used [0x00000000ec400000,0x00000000ec400000,0x00000000ec680000)
 ParOldGen       total 44032K, used 2471K [0x00000000c1400000, 0x00000000c3f00000, 0x00000000eb180000)
  object space 44032K, 5% used [0x00000000c1400000,0x00000000c1669dc0,0x00000000c3f00000)
 Metaspace       used 16080K, capacity 16298K, committed 16512K, reserved 1062912K
  class space    used 2073K, capacity 2123K, committed 2176K, reserved 1048576K
Event: 16.225 GC heap after
Heap after GC invocations=2 (full 0):
 PSYoungGen      total 18944K, used 2544K [0x00000000eb180000, 0x00000000ec680000, 0x0000000100000000)
  eden space 16384K, 0% used [0x00000000eb180000,0x00000000eb180000,0x00000000ec180000)
  from space 2560K, 99% used [0x00000000ec400000,0x00000000ec67c1e8,0x00000000ec680000)
  to   space 2560K, 0% used [0x00000000ec180000,0x00000000ec180000,0x00000000ec400000)
 ParOldGen       total 44032K, used 4933K [0x00000000c1400000, 0x00000000c3f00000, 0x00000000eb180000)
  object space 44032K, 11% used [0x00000000c1400000,0x00000000c18d1538,0x00000000c3f00000)
 Metaspace       used 16080K, capacity 16298K, committed 16512K, reserved 1062912K
  class space    used 2073K, capacity 2123K, committed 2176K, reserved 1048576K
}

