# JRE version: Java(TM) SE Runtime Environment (8.0_102-b14) (build 1.8.0_102-b14)
# Java VM: Java HotSpot(TM) 64-Bit Server VM (25.102-b14 mixed mode windows-amd64 compressed oops)
Heap:
 PSYoungGen      total 18944K, used 7725K [0x00000000eb180000, 0x00000000ec680000, 0x0000000100000000)
  eden space 16384K, 31% used [0x00000000eb180000,0x00000000eb692e10,0x00000000ec180000)
  from space 2560K, 98% used [0x00000000ec400000,0x00000000ec678820,0x00000000ec680000)
  to   space 2560K, 0% used [0x00000000ec180000,0x00000000ec180000,0x00000000ec400000)
 ParOldGen       total 44032K, used 8643K [0x00000000c1400000, 0x00000000c3f00000, 0x00000000eb180000)
  object space 44032K, 19% used [0x00000000c1400000,0x00000000c1c70d50,0x00000000c3f00000)
 Metaspace       used 15281K, capacity 15513K, committed 15616K, reserved 1064960K
  class space    used 1980K, capacity 2033K, committed 2048K, reserved 1048576K
GC Heap History (4 events):
Event: 9.296 GC heap before
{Heap before GC invocations=1 (full 0):
 PSYoungGen      total 18944K, used 16384K [0x00000000eb180000, 0x00000000ec680000, 0x0000000100000000)
  eden space 16384K, 100% used [0x00000000eb180000,0x00000000ec180000,0x00000000ec180000)
  from space 2560K, 0% used [0x00000000ec400000,0x00000000ec400000,0x00000000ec680000)
  to   space 2560K, 0% used [0x00000000ec180000,0x00000000ec180000,0x00000000ec400000)
 ParOldGen       total 44032K, used 0K [0x00000000c1400000, 0x00000000c3f00000, 0x00000000eb180000)
  object space 44032K, 0% used [0x00000000c1400000,0x00000000c1400000,0x00000000c3f00000)
 Metaspace       used 13647K, capacity 13856K, committed 14208K, reserved 1060864K
  class space    used 1786K, capacity 1866K, committed 1920K, reserved 1048576K
Event: 9.316 GC heap after
Heap after GC invocations=1 (full 0):
 PSYoungGen      total 18944K, used 2532K [0x00000000eb180000, 0x00000000ec680000, 0x0000000100000000)
  eden space 16384K, 0% used [0x00000000eb180000,0x00000000eb180000,0x00000000ec180000)
  from space 2560K, 98% used [0x00000000ec180000,0x00000000ec3f92f8,0x00000000ec400000)
  to   space 2560K, 0% used [0x00000000ec400000,0x00000000ec400000,0x00000000ec680000)
 ParOldGen       total 44032K, used 2326K [0x00000000c1400000, 0x00000000c3f00000, 0x00000000eb180000)
  object space 44032K, 5% used [0x00000000c1400000,0x00000000c16458b8,0x00000000c3f00000)
 Metaspace       used 13647K, capacity 13856K, committed 14208K, reserved 1060864K
  class space    used 1786K, capacity 1866K, committed 1920K, reserved 1048576K
}
Event: 19.206 GC heap before
{Heap before GC invocations=2 (full 0):
 PSYoungGen      total 18944K, used 18916K [0x00000000eb180000, 0x00000000ec680000, 0x0000000100000000)
  eden space 16384K, 100% used [0x00000000eb180000,0x00000000ec180000,0x00000000ec180000)
  from space 2560K, 98% used [0x00000000ec180000,0x00000000ec3f92f8,0x00000000ec400000)
  to   space 2560K, 0% used [0x00000000ec400000,0x00000000ec400000,0x00000000ec680000)
 ParOldGen       total 44032K, used 2326K [0x00000000c1400000, 0x00000000c3f00000, 0x00000000eb180000)
  object space 44032K, 5% used [0x00000000c1400000,0x00000000c16458b8,0x00000000c3f00000)
 Metaspace       used 15208K, capacity 15372K, committed 15616K, reserved 1062912K
  class space    used 1978K, capacity 2030K, committed 2048K, reserved 1048576K
Event: 19.224 GC heap after
Heap after GC invocations=2 (full 0):
 PSYoungGen      total 18944K, used 2530K [0x00000000eb180000, 0x00000000ec680000, 0x0000000100000000)
  eden space 16384K, 0% used [0x00000000eb180000,0x00000000eb180000,0x00000000ec180000)
  from space 2560K, 98% used [0x00000000ec400000,0x00000000ec678820,0x00000000ec680000)
  to   space 2560K, 0% used [0x00000000ec180000,0x00000000ec180000,0x00000000ec400000)
 ParOldGen       total 44032K, used 8643K [0x00000000c1400000, 0x00000000c3f00000, 0x00000000eb180000)
  object space 44032K, 19% used [0x00000000c1400000,0x00000000c1c70d50,0x00000000c3f00000)
 Metaspace       used 15208K, capacity 15372K, committed 15616K, reserved 1062912K
  class space    used 1978K, capacity 2030K, committed 2048K, reserved 1048576K
}

